<?xml version="1.0" encoding="UTF-8"?>
<testng-results ignored="0" total="1" passed="1" failed="0" skipped="0">
  <reporter-output>
  </reporter-output>
  <suite started-at="2024-07-31T13:26:02 IST" name="Default suite" finished-at="2024-07-31T13:26:03 IST" duration-ms="1564">
    <groups>
    </groups>
    <test started-at="2024-07-31T13:26:02 IST" name="Default test" finished-at="2024-07-31T13:26:03 IST" duration-ms="1564">
      <class name="com.ninza.hrm.api.emptest.EmployeeTest">
        <test-method is-config="true" signature="configBS()[pri:0, instance:com.ninza.hrm.api.emptest.EmployeeTest@431cd9b2]" started-at="2024-07-31T13:26:01 IST" name="configBS" finished-at="2024-07-31T13:26:02 IST" duration-ms="642" status="PASS">
          <reporter-output>
          </reporter-output>
        </test-method> <!-- configBS -->
        <test-method signature="addEmployeTest()[pri:0, instance:com.ninza.hrm.api.emptest.EmployeeTest@431cd9b2]" started-at="2024-07-31T13:26:02 IST" name="addEmployeTest" finished-at="2024-07-31T13:26:03 IST" duration-ms="1524" status="PASS">
          <reporter-output>
          </reporter-output>
        </test-method> <!-- addEmployeTest -->
        <test-method is-config="true" signature="configAS()[pri:0, instance:com.ninza.hrm.api.emptest.EmployeeTest@431cd9b2]" started-at="2024-07-31T13:26:03 IST" name="configAS" finished-at="2024-07-31T13:26:03 IST" duration-ms="1" status="PASS">
          <reporter-output>
          </reporter-output>
        </test-method> <!-- configAS -->
      </class> <!-- com.ninza.hrm.api.emptest.EmployeeTest -->
    </test> <!-- Default test -->
  </suite> <!-- Default suite -->
</testng-results>
