<?xml version="1.0" encoding="UTF-8"?>
<!-- Generated by org.testng.reporters.JUnitXMLReporter -->
<testsuite ignored="1" hostname="DESKTOP-TCLPQKU" failures="0" tests="1" name="Default test" time="1.564" errors="0" timestamp="2024-07-31T13:26:03 IST">
  <testcase classname="com.ninza.hrm.api.emptest.EmployeeTest" name="addEmployeTest" time="1.524"/>
  <testcase classname="com.ninza.hrm.api.emptest.EmployeeTest" name="addEmployeWithOutEmail" time="0.0">
    <ignored/>
  </testcase> <!-- addEmployeWithOutEmail -->
</testsuite> <!-- Default test -->
