<?xml version="1.0" encoding="UTF-8"?>
<!-- Generated by org.testng.reporters.JUnitXMLReporter -->
<testsuite ignored="2" hostname="DESKTOP-TCLPQKU" failures="0" tests="4" name="Test" time="3.667" errors="0" timestamp="2024-08-05T10:52:13 IST">
  <testcase classname="com.ninza.hrm.api.emptest.EmployeeTest" name="addEmployeTest" time="2.353"/>
  <testcase classname="com.ninza.hrm.api.emptest.EmployeeTest" name="addEmployeWithOutEmail" time="0.101"/>
  <testcase classname="com.ninza.hrm.api.projecttest.ProjectTest" name="addSingleProjectWithCreatedTest" time="1.089"/>
  <testcase classname="com.ninza.hrm.api.projecttest.ProjectTest" name="addDuplicateProjectTest" time="0.044"/>
  <testcase classname="com.ninza.hrm.api.BaseClassUtility.BaseAPIClass" name="@BeforeSuite configBS" time="0.0">
    <ignored/>
  </testcase> <!-- @BeforeSuite configBS -->
  <testcase classname="com.ninza.hrm.api.BaseClassUtility.BaseAPIClass" name="@AfterSuite configAS" time="0.0">
    <ignored/>
  </testcase> <!-- @AfterSuite configAS -->
</testsuite> <!-- Test -->
