<?xml version="1.0" encoding="UTF-8"?>
<!-- Generated by org.testng.reporters.JUnitXMLReporter -->
<testsuite ignored="2" hostname="DESKTOP-TCLPQKU" failures="0" tests="4" name="Test" time="2.672" errors="0" timestamp="2024-07-31T13:23:11 IST">
  <testcase classname="com.ninza.hrm.api.emptest.EmployeeTest" name="addEmployeTest" time="1.734"/>
  <testcase classname="com.ninza.hrm.api.emptest.EmployeeTest" name="addEmployeWithOutEmail" time="0.192"/>
  <testcase classname="com.ninza.hrm.api.projecttest.ProjectTest" name="addSingleProjectWithCreatedTest" time="0.6"/>
  <testcase classname="com.ninza.hrm.api.projecttest.ProjectTest" name="addDuplicateProjectTest" time="0.084"/>
  <testcase classname="com.ninza.hrm.api.BaseClassUtility.BaseAPIClass" name="@AfterSuite configAS" time="0.0">
    <ignored/>
  </testcase> <!-- @AfterSuite configAS -->
  <testcase classname="com.ninza.hrm.api.BaseClassUtility.BaseAPIClass" name="@BeforeSuite configBS" time="0.0">
    <ignored/>
  </testcase> <!-- @BeforeSuite configBS -->
</testsuite> <!-- Test -->
